<?xml version="1.0" encoding="UTF-8"?>
<testsuite name="com.utilmate.test.crud.TestSelect" tests="4" skipped="0" failures="0" errors="0" timestamp="2018-11-19T02:38:06" hostname="WIN-S60BATUFINR" time="0.147">
  <properties/>
  <testcase name="testGet" classname="com.utilmate.test.crud.TestSelect" time="0.039"/>
  <testcase name="testSelectAll" classname="com.utilmate.test.crud.TestSelect" time="0.03"/>
  <testcase name="testSelectByEquals" classname="com.utilmate.test.crud.TestSelect" time="0.042"/>
  <testcase name="testSearch" classname="com.utilmate.test.crud.TestSelect" time="0.035"/>
  <system-out><![CDATA[2018-11-19 10:38:06 [DEBUG] (ComponentScan:41) - scan component classes for package com.ultimate
2018-11-19 10:38:06 [DEBUG] (ComponentInfo:94) - load class com.ultimate.bean.Admin, table is rh_admin
2018-11-19 10:38:06 [DEBUG] (ComponentInfo:94) - load class com.ultimate.bean.Lib, table is lib
2018-11-19 10:38:06 [DEBUG] (DbConfig:41) - dataSource is null! init hikariDataSource
2018-11-19 10:38:06 [DEBUG] (SqlExecutor:69) - Execute SQL : select * from rh_admin limit 1
2018-11-19 10:38:06 [DEBUG] (DbUtils:52) - closed connection HikariProxyConnection@1450833689 wrapping com.zaxxer.hikari.pool.ProxyConnection.ClosedConnection
2018-11-16 15:08:14.0
2018-11-19 10:38:06 [INFO] (TestSelect:22) - Admin{id=2, message='hello', date=2018-11-16 15:08:14.0, test='test2'}
2018-11-19 10:38:06 [DEBUG] (ComponentScan:41) - scan component classes for package com.ultimate
2018-11-19 10:38:06 [DEBUG] (ComponentInfo:94) - load class com.ultimate.bean.Admin, table is rh_admin
2018-11-19 10:38:06 [DEBUG] (ComponentInfo:94) - load class com.ultimate.bean.Lib, table is lib
2018-11-19 10:38:06 [DEBUG] (DbConfig:41) - dataSource is null! init hikariDataSource
2018-11-19 10:38:06 [DEBUG] (SqlExecutor:69) - Execute SQL : select * from rh_admin
2018-11-19 10:38:06 [DEBUG] (DbUtils:52) - closed connection HikariProxyConnection@687013749 wrapping com.zaxxer.hikari.pool.ProxyConnection.ClosedConnection
2018-11-19 10:38:06 [INFO] (TestSelect:31) - [Admin{id=2, message='hello', date=2018-11-16 15:08:14.0, test='test2'}, Admin{id=3, message='hello', date=null, test='test2'}, Admin{id=4, message='msg', date=null, test='test2'}, Admin{id=5, message='hello', date=null, test='test2'}, Admin{id=6, message='hello', date=null, test='test2'}, Admin{id=7, message='hello', date=null, test='test2'}, Admin{id=8, message='hello', date=null, test='test2'}, Admin{id=9, message='hello', date=null, test='test2'}, Admin{id=10, message='hello', date=null, test='test2'}, Admin{id=11, message='hello', date=null, test='test2'}, Admin{id=12, message='hello', date=null, test='test2'}, Admin{id=13, message='hello', date=2018-11-15 15:36:40.0, test='test2'}, Admin{id=14, message='hello', date=2018-11-15 15:38:21.0, test='test2'}]
2018-11-19 10:38:06 [DEBUG] (ComponentScan:41) - scan component classes for package com.ultimate
2018-11-19 10:38:06 [DEBUG] (ComponentInfo:94) - load class com.ultimate.bean.Admin, table is rh_admin
2018-11-19 10:38:06 [DEBUG] (ComponentInfo:94) - load class com.ultimate.bean.Lib, table is lib
2018-11-19 10:38:06 [DEBUG] (DbConfig:41) - dataSource is null! init hikariDataSource
2018-11-19 10:38:06 [DEBUG] (SqlExecutor:69) - Execute SQL : select id, message from rh_admin where test =? or test =? 
2018-11-19 10:38:06 [DEBUG] (SqlExecutor:71) -  param 0 : test2 
2018-11-19 10:38:06 [DEBUG] (SqlExecutor:71) -  param 1 : 123 
2018-11-19 10:38:06 [DEBUG] (DbUtils:52) - closed connection HikariProxyConnection@1953245238 wrapping com.zaxxer.hikari.pool.ProxyConnection.ClosedConnection
2018-11-19 10:38:06 [INFO] (BaseTest:41) - [Admin{id=2, message='hello', date=null, test='null'}, Admin{id=3, message='hello', date=null, test='null'}, Admin{id=4, message='msg', date=null, test='null'}, Admin{id=5, message='hello', date=null, test='null'}, Admin{id=6, message='hello', date=null, test='null'}, Admin{id=7, message='hello', date=null, test='null'}, Admin{id=8, message='hello', date=null, test='null'}, Admin{id=9, message='hello', date=null, test='null'}, Admin{id=10, message='hello', date=null, test='null'}, Admin{id=11, message='hello', date=null, test='null'}, Admin{id=12, message='hello', date=null, test='null'}, Admin{id=13, message='hello', date=null, test='null'}, Admin{id=14, message='hello', date=null, test='null'}]
2018-11-19 10:38:06 [DEBUG] (ComponentScan:41) - scan component classes for package com.ultimate
2018-11-19 10:38:06 [DEBUG] (ComponentInfo:94) - load class com.ultimate.bean.Admin, table is rh_admin
2018-11-19 10:38:06 [DEBUG] (ComponentInfo:94) - load class com.ultimate.bean.Lib, table is lib
2018-11-19 10:38:06 [DEBUG] (DbConfig:41) - dataSource is null! init hikariDataSource
2018-11-19 10:38:06 [DEBUG] (SqlExecutor:69) - Execute SQL : select * from rh_admin where test like ? 
2018-11-19 10:38:06 [DEBUG] (SqlExecutor:71) -  param 0 : %2% 
2018-11-19 10:38:06 [DEBUG] (DbUtils:52) - closed connection HikariProxyConnection@1721550628 wrapping com.zaxxer.hikari.pool.ProxyConnection.ClosedConnection
2018-11-19 10:38:06 [INFO] (BaseTest:50) - [Admin{id=2, message='hello', date=2018-11-16 15:08:14.0, test='test2'}, Admin{id=3, message='hello', date=null, test='test2'}, Admin{id=4, message='msg', date=null, test='test2'}, Admin{id=5, message='hello', date=null, test='test2'}, Admin{id=6, message='hello', date=null, test='test2'}, Admin{id=7, message='hello', date=null, test='test2'}, Admin{id=8, message='hello', date=null, test='test2'}, Admin{id=9, message='hello', date=null, test='test2'}, Admin{id=10, message='hello', date=null, test='test2'}, Admin{id=11, message='hello', date=null, test='test2'}, Admin{id=12, message='hello', date=null, test='test2'}, Admin{id=13, message='hello', date=2018-11-15 15:36:40.0, test='test2'}, Admin{id=14, message='hello', date=2018-11-15 15:38:21.0, test='test2'}]
]]></system-out>
  <system-err><![CDATA[]]></system-err>
</testsuite>
