<?xml version="1.0" encoding="UTF-8"?>
<testsuite name="com.utilmate.test.base.TestConvert" tests="1" skipped="0" failures="0" errors="0" timestamp="2018-11-19T02:38:06" hostname="WIN-S60BATUFINR" time="0.021">
  <properties/>
  <testcase name="dateStrToDate" classname="com.utilmate.test.base.TestConvert" time="0.021"/>
  <system-out><![CDATA[2018-11-19 10:38:06 [DEBUG] (ComponentScan:41) - scan component classes for package com.ultimate
2018-11-19 10:38:06 [DEBUG] (ComponentInfo:94) - load class com.ultimate.bean.Admin, table is rh_admin
2018-11-19 10:38:06 [DEBUG] (ComponentInfo:94) - load class com.ultimate.bean.Lib, table is lib
2018-11-19 10:38:06 [DEBUG] (DbConfig:41) - dataSource is null! init hikariDataSource
]]></system-out>
  <system-err><![CDATA[]]></system-err>
</testsuite>
