<?xml version="1.0" encoding="UTF-8"?>
<testsuite name="com.utilmate.test.crud.TestDelete" tests="1" skipped="0" failures="0" errors="0" timestamp="2018-11-19T02:38:06" hostname="WIN-S60BATUFINR" time="0.042">
  <properties/>
  <testcase name="deleteByEquals" classname="com.utilmate.test.crud.TestDelete" time="0.042"/>
  <system-out><![CDATA[2018-11-19 10:38:06 [DEBUG] (ComponentScan:41) - scan component classes for package com.ultimate
2018-11-19 10:38:06 [DEBUG] (ComponentInfo:94) - load class com.ultimate.bean.Admin, table is rh_admin
2018-11-19 10:38:06 [DEBUG] (ComponentInfo:94) - load class com.ultimate.bean.Lib, table is lib
2018-11-19 10:38:06 [DEBUG] (DbConfig:41) - dataSource is null! init hikariDataSource
2018-11-19 10:38:06 [DEBUG] (DbUtils:52) - closed connection HikariProxyConnection@174613321 wrapping com.zaxxer.hikari.pool.ProxyConnection.ClosedConnection
2018-11-19 10:38:06 [DEBUG] (SqlExecutor:69) - Execute SQL : DELETE FROM rh_admin where id =? 
2018-11-19 10:38:06 [DEBUG] (SqlExecutor:71) -  param 0 : 1 
]]></system-out>
  <system-err><![CDATA[]]></system-err>
</testsuite>
